This is XeTeX, Version 3.14159265-2.6-0.99996 (TeX Live 2016) (preloaded format=xelatex 2016.10.22)  6 JUL 2017 18:51
entering extended mode
 restricted \write18 enabled.
 %&-line parsing enabled.
**Report.tex
(./Report.tex
LaTeX2e <2016/03/31>
Babel <3.9r> and hyphenation patterns for 83 language(s) loaded.
(/usr/local/texlive/2016/texmf-dist/tex/latex/base/article.cls
Document Class: article 2014/09/29 v1.4h Standard LaTeX document class
(/usr/local/texlive/2016/texmf-dist/tex/latex/base/size12.clo
File: size12.clo 2014/09/29 v1.4h Standard LaTeX file (size option)
)
\c@part=\count79
\c@section=\count80
\c@subsection=\count81
\c@subsubsection=\count82
\c@paragraph=\count83
\c@subparagraph=\count84
\c@figure=\count85
\c@table=\count86
\abovecaptionskip=\skip41
\belowcaptionskip=\skip42
\bibindent=\dimen102
)
(/usr/local/texlive/2016/texmf-dist/tex/latex/graphics/graphicx.sty
Package: graphicx 2014/10/28 v1.0g Enhanced LaTeX Graphics (DPC,SPQR)

(/usr/local/texlive/2016/texmf-dist/tex/latex/graphics/keyval.sty
Package: keyval 2014/10/28 v1.15 key=value parser (DPC)
\KV@toks@=\toks14
)
(/usr/local/texlive/2016/texmf-dist/tex/latex/graphics/graphics.sty
Package: graphics 2016/05/09 v1.0r Standard LaTeX Graphics (DPC,SPQR)

(/usr/local/texlive/2016/texmf-dist/tex/latex/graphics/trig.sty
Package: trig 2016/01/03 v1.10 sin cos tan (DPC)
)
(/usr/local/texlive/2016/texmf-dist/tex/latex/graphics-cfg/graphics.cfg
File: graphics.cfg 2016/01/02 v1.10 sample graphics configuration
)
Package graphics Info: Driver file: xetex.def on input line 96.

(/usr/local/texlive/2016/texmf-dist/tex/xelatex/xetex-def/xetex.def
File: xetex.def 2016/04/06 v4.08 LaTeX color/graphics driver for XeTeX (TeX Liv
e/RRM/JK)

(/usr/local/texlive/2016/texmf-dist/tex/generic/oberdiek/infwarerr.sty
Package: infwarerr 2016/05/16 v1.4 Providing info/warning/error messages (HO)
)
(/usr/local/texlive/2016/texmf-dist/tex/generic/oberdiek/ltxcmds.sty
Package: ltxcmds 2016/05/16 v1.23 LaTeX kernel commands for general use (HO)
)))
\Gin@req@height=\dimen103
\Gin@req@width=\dimen104
)
(/usr/local/texlive/2016/texmf-dist/tex/latex/graphics/color.sty
Package: color 2016/05/09 v1.1c Standard LaTeX Color (DPC)

(/usr/local/texlive/2016/texmf-dist/tex/latex/graphics-cfg/color.cfg
File: color.cfg 2016/01/02 v1.6 sample color configuration
)
Package color Info: Driver file: xetex.def on input line 144.
)
(/usr/local/texlive/2016/texmf-dist/tex/latex/framed/framed.sty
Package: framed 2011/10/22 v 0.96: framed or shaded text with page breaks
\OuterFrameSep=\skip43
\fb@frw=\dimen105
\fb@frh=\dimen106
\FrameRule=\dimen107
\FrameSep=\dimen108
)
(/usr/local/texlive/2016/texmf-dist/tex/latex/base/alltt.sty
Package: alltt 1997/06/16 v2.0g defines alltt environment
)
(/usr/local/texlive/2016/texmf-dist/tex/latex/geometry/geometry.sty
Package: geometry 2010/09/12 v5.6 Page Geometry

(/usr/local/texlive/2016/texmf-dist/tex/generic/oberdiek/ifpdf.sty
Package: ifpdf 2016/05/14 v3.1 Provides the ifpdf switch
)
(/usr/local/texlive/2016/texmf-dist/tex/generic/oberdiek/ifvtex.sty
Package: ifvtex 2016/05/16 v1.6 Detect VTeX and its facilities (HO)
Package ifvtex Info: VTeX not detected.
)
(/usr/local/texlive/2016/texmf-dist/tex/generic/ifxetex/ifxetex.sty
Package: ifxetex 2010/09/12 v0.6 Provides ifxetex conditional
)
\Gm@cnth=\count87
\Gm@cntv=\count88
\c@Gm@tempcnt=\count89
\Gm@bindingoffset=\dimen109
\Gm@wd@mp=\dimen110
\Gm@odd@mp=\dimen111
\Gm@even@mp=\dimen112
\Gm@layoutwidth=\dimen113
\Gm@layoutheight=\dimen114
\Gm@layouthoffset=\dimen115
\Gm@layoutvoffset=\dimen116
\Gm@dimlist=\toks15
)
(/usr/local/texlive/2016/texmf-dist/tex/latex/moreverb/moreverb.sty
Package: moreverb 2008/06/03 v2.3a `more' verbatim facilities

(/usr/local/texlive/2016/texmf-dist/tex/latex/tools/verbatim.sty
Package: verbatim 2014/10/28 v1.5q LaTeX2e package for verbatim enhancements
\every@verbatim=\toks16
\verbatim@line=\toks17
\verbatim@in@stream=\read1
)
\tab@position=\count90
\tab@size=\count91
\listing@line=\count92
)
(/usr/local/texlive/2016/texmf-dist/tex/latex/url/url.sty
\Urlmuskip=\muskip10
Package: url 2013/09/16  ver 3.4  Verb mode for urls, etc.
)
(/usr/local/texlive/2016/texmf-dist/tex/latex/amsfonts/amssymb.sty
Package: amssymb 2013/01/14 v3.01 AMS font symbols

(/usr/local/texlive/2016/texmf-dist/tex/latex/amsfonts/amsfonts.sty
Package: amsfonts 2013/01/14 v3.01 Basic AMSFonts support
\@emptytoks=\toks18
\symAMSa=\mathgroup4
\symAMSb=\mathgroup5
LaTeX Font Info:    Overwriting math alphabet `\mathfrak' in version `bold'
(Font)                  U/euf/m/n --> U/euf/b/n on input line 106.
))
(/usr/local/texlive/2016/texmf-dist/tex/latex/graphics/lscape.sty
Package: lscape 2000/10/22 v3.01 Landscape Pages (DPC)
)
(/usr/local/texlive/2016/texmf-dist/tex/latex/tools/longtable.sty
Package: longtable 2014/10/28 v4.11 Multi-page Table package (DPC)
\LTleft=\skip44
\LTright=\skip45
\LTpre=\skip46
\LTpost=\skip47
\LTchunksize=\count93
\LTcapwidth=\dimen117
\LT@head=\box26
\LT@firsthead=\box27
\LT@foot=\box28
\LT@lastfoot=\box29
\LT@cols=\count94
\LT@rows=\count95
\c@LT@tables=\count96
\c@LT@chunks=\count97
\LT@p@ftn=\toks19
)
(/usr/local/texlive/2016/texmf-dist/tex/generic/ulem/ulem.sty
\UL@box=\box30
\UL@hyphenbox=\box31
\UL@skip=\skip48
\UL@hook=\toks20
\UL@height=\dimen118
\UL@pe=\count98
\UL@pixel=\dimen119
\ULC@box=\box32
Package: ulem 2012/05/18
\ULdepth=\dimen120
)
(/usr/local/texlive/2016/texmf-dist/tex/latex/upquote/upquote.sty
Package: upquote 2012/04/19 v1.3 upright-quote and grave-accent glyphs in verba
tim
)
(./Report.aux

LaTeX Warning: Label `my-label' multiply defined.

)
\openout1 = `Report.aux'.

LaTeX Font Info:    Checking defaults for OML/cmm/m/it on input line 64.
LaTeX Font Info:    ... okay on input line 64.
LaTeX Font Info:    Checking defaults for T1/cmr/m/n on input line 64.
LaTeX Font Info:    ... okay on input line 64.
LaTeX Font Info:    Checking defaults for OT1/cmr/m/n on input line 64.
LaTeX Font Info:    ... okay on input line 64.
LaTeX Font Info:    Checking defaults for OMS/cmsy/m/n on input line 64.
LaTeX Font Info:    ... okay on input line 64.
LaTeX Font Info:    Checking defaults for OMX/cmex/m/n on input line 64.
LaTeX Font Info:    ... okay on input line 64.
LaTeX Font Info:    Checking defaults for U/cmr/m/n on input line 64.
LaTeX Font Info:    ... okay on input line 64.

*geometry* driver: auto-detecting
*geometry* detected driver: xetex
*geometry* verbose mode - [ preamble ] result:
* driver: xetex
* paper: <default>
* layout: <same size as paper>
* layoutoffset:(h,v)=(0.0pt,0.0pt)
* modes: 
* h-part:(L,W,R)=(72.26999pt, 469.75502pt, 72.26999pt)
* v-part:(T,H,B)=(72.26999pt, 650.43001pt, 72.26999pt)
* \paperwidth=614.295pt
* \paperheight=794.96999pt
* \textwidth=469.75502pt
* \textheight=650.43001pt
* \oddsidemargin=0.0pt
* \evensidemargin=0.0pt
* \topmargin=-37.0pt
* \headheight=12.0pt
* \headsep=25.0pt
* \topskip=12.0pt
* \footskip=30.0pt
* \marginparwidth=44.0pt
* \marginparsep=10.0pt
* \columnsep=10.0pt
* \skip\footins=10.8pt plus 4.0pt minus 2.0pt
* \hoffset=0.0pt
* \voffset=0.0pt
* \mag=1000
* \@twocolumnfalse
* \@twosidefalse
* \@mparswitchfalse
* \@reversemarginfalse
* (1in=72.27pt=25.4mm, 1cm=28.453pt)

LaTeX Font Info:    Try loading font information for U+msa on input line 76.
(/usr/local/texlive/2016/texmf-dist/tex/latex/amsfonts/umsa.fd
File: umsa.fd 2013/01/14 v3.01 AMS symbols A
)
LaTeX Font Info:    Try loading font information for U+msb on input line 76.

(/usr/local/texlive/2016/texmf-dist/tex/latex/amsfonts/umsb.fd
File: umsb.fd 2013/01/14 v3.01 AMS symbols B
)
Underfull \hbox (badness 10000) in paragraph at lines 88--91

 []


Underfull \hbox (badness 10000) in paragraph at lines 88--91

 []


Underfull \hbox (badness 10000) in paragraph at lines 92--93

 []


Overfull \hbox (10.03166pt too wide) in paragraph at lines 96--98
\OT1/cmr/m/n/12 http://en.openei.org/datasets/dataset/commercial-and-residentia
l-hourly-load-profiles-for-all-
 []


Underfull \hbox (badness 10000) in paragraph at lines 101--102

 []


Underfull \hbox (badness 10000) in paragraph at lines 103--104

 []


Underfull \hbox (badness 10000) in paragraph at lines 105--106

 []


LaTeX Warning: No positions in optional float specifier.
               Default added (so using `tbp') on input line 109.

[1

]
Package color Info: Redefining color shadecolor on input line 159.
File: figure/dirtyplots-1.pdf Graphic file (type QTm)
 <use  "figure/dirtyplots-1.pdf" >
Overfull \hbox (17.62482pt too wide) in paragraph at lines 160--161
[][] 
 []

[2]
Underfull \hbox (badness 10000) in paragraph at lines 164--165

 []


Underfull \hbox (badness 10000) in paragraph at lines 166--167

 []


Underfull \hbox (badness 10000) in paragraph at lines 168--169

 []

[3]
Package color Info: Redefining color shadecolor on input line 176.
File: figure/gas_plot-1.pdf Graphic file (type QTm)
 <use  "figure/gas_plot-1.pdf" >
Overfull \hbox (17.62482pt too wide) in paragraph at lines 177--178
[][] 
 []


Underfull \hbox (badness 10000) in paragraph at lines 181--182

 []

Package color Info: Redefining color shadecolor on input line 186.
File: figure/plot_different_profiles-1.pdf Graphic file (type QTm)
<use  "figure/plot_different_profiles-1.pdf" >
Overfull \hbox (17.62482pt too wide) in paragraph at lines 187--188
[][] 
 []

[4]
Underfull \hbox (badness 10000) in paragraph at lines 191--192

 []


Underfull \hbox (badness 10000) in paragraph at lines 193--194

 []


Underfull \hbox (badness 10000) in paragraph at lines 195--196

 []


Underfull \hbox (badness 10000) in paragraph at lines 197--198

 []

[5]
Underfull \hbox (badness 10000) in paragraph at lines 199--200

 []


Underfull \hbox (badness 10000) in paragraph at lines 204--205

 []

Package color Info: Redefining color shadecolor on input line 209.
Package color Info: Redefining color shadecolor on input line 216.
File: figure/average-1.pdf Graphic file (type QTm)
<use  "figure/average-1.pdf" >
Overfull \hbox (17.62482pt too wide) in paragraph at lines 217--218
[][] 
 []

[6]
Underfull \hbox (badness 10000) in paragraph at lines 221--222

 []

[7]

LaTeX Warning: No positions in optional float specifier.
               Default added (so using `tbp') on input line 239.


Underfull \hbox (badness 10000) in paragraph at lines 262--263

 []


Underfull \hbox (badness 10000) in paragraph at lines 273--274

 []

Package color Info: Redefining color shadecolor on input line 278.
File: figure/silhouette_k_plots-1.pdf Graphic file (type QTm)
<use  "figure/silhouette_k_plots-1.pdf" >
Overfull \hbox (17.62482pt too wide) in paragraph at lines 279--280
[][] 
 []

[8]
Underfull \hbox (badness 10000) in paragraph at lines 283--284

 []


Underfull \hbox (badness 10000) in paragraph at lines 286--287

 []


Underfull \hbox (badness 10000) in paragraph at lines 293--294

 []

[9]
Package color Info: Redefining color shadecolor on input line 298.
File: figure/pca_plot-1.pdf Graphic file (type QTm)
 <use  "figure/pca_plot-1.pdf" >
Overfull \hbox (17.62482pt too wide) in paragraph at lines 299--300
[][] 
 []

Package color Info: Redefining color shadecolor on input line 306.
File: figure/pca_plot_2-1.pdf Graphic file (type QTm)
<use  "figure/pca_plot_2-1.pdf" >
Overfull \hbox (17.62482pt too wide) in paragraph at lines 307--308
[][] 
 []

[10]
Underfull \hbox (badness 10000) in paragraph at lines 312--313

 []

Package color Info: Redefining color shadecolor on input line 318.
File: figure/pca_plot_3-1.pdf Graphic file (type QTm)
<use  "figure/pca_plot_3-1.pdf" >
Overfull \hbox (17.62482pt too wide) in paragraph at lines 319--320
[][] 
 []

[11]
Underfull \hbox (badness 10000) in paragraph at lines 323--324

 []

Package color Info: Redefining color shadecolor on input line 332.
File: figure/boxplot-1.pdf Graphic file (type QTm)
<use  "figure/boxplot-1.pdf" >
Overfull \hbox (17.62482pt too wide) in paragraph at lines 333--334
[][] 
 []

[12]
Underfull \hbox (badness 10000) in paragraph at lines 337--338

 []


Underfull \hbox (badness 10000) in paragraph at lines 344--345

 []

[13]
Underfull \hbox (badness 10000) in paragraph at lines 346--347

 []


Underfull \hbox (badness 10000) in paragraph at lines 348--349

 []


Underfull \hbox (badness 10000) in paragraph at lines 350--351

 []

Package color Info: Redefining color shadecolor on input line 362.
File: figure/heirarchical_clustering-1.pdf Graphic file (type QTm)
<use  "figure/heirarchical_clustering-1.pdf" >
Overfull \hbox (17.62482pt too wide) in paragraph at lines 363--364
[][] 
 []

[14]
Underfull \hbox (badness 10000) in paragraph at lines 367--368

 []


Underfull \hbox (badness 10000) in paragraph at lines 369--370

 []


Underfull \hbox (badness 10000) in paragraph at lines 371--372

 []

[15]
Underfull \hbox (badness 10000) in paragraph at lines 377--378

 []

Package color Info: Redefining color shadecolor on input line 381.
File: figure/dynamic_time_warping-1.pdf Graphic file (type QTm)
<use  "figure/dynamic_time_warping-1.pdf" > [16]
Underfull \hbox (badness 10000) in paragraph at lines 391--392

 []

Package color Info: Redefining color shadecolor on input line 396.
File: figure/wavelet_diss-1.pdf Graphic file (type QTm)
<use  "figure/wavelet_diss-1.pdf" >
Overfull \hbox (17.62482pt too wide) in paragraph at lines 397--398
[][] 
 []

[17] (./Report.bbl [18]) [19] (./Report.aux)

LaTeX Warning: There were multiply-defined labels.

 ) 
Here is how much of TeX's memory you used:
 2090 strings out of 493591
 27891 string characters out of 6143545
 88616 words of memory out of 5000000
 5457 multiletter control sequences out of 15000+600000
 13193 words of font info for 52 fonts, out of 8000000 for 9000
 1347 hyphenation exceptions out of 8191
 27i,10n,32p,565b,248s stack positions out of 5000i,500n,10000p,200000b,80000s

Output written on Report.pdf (19 pages).
